<?xml version="1.0" encoding="utf-8" standalone="no"?>
<test-run id="0" runstate="Runnable" testcasecount="1" result="Failed" label="Error" total="1" passed="0" failed="1" inconclusive="0" skipped="0" asserts="0" engine-version="3.12.0.0" clr-version="4.0.30319.42000" start-time="2021-04-27 18:35:07Z" end-time="2021-04-27 18:35:07Z" duration="0.672431">
  <command-line><![CDATA[/home/bex/.nuget/packages/nunit.consolerunner/3.12.0/tools/nunit3-console.exe bin/Debug/net5.0/MiniSpec.Specs.dll]]></command-line>
  <test-suite type="Assembly" id="0" name="" fullname="" runstate="NotRunnable" testcasecount="1" result="Failed" label="Error" start-time="2021-04-27 18:35:07Z" end-time="2021-04-27 18:35:07Z" duration="0.001" total="1" passed="0" failed="1" inconclusive="0" skipped="0" asserts="0">
    <failure>
      <message><![CDATA[NUnit.Engine.NUnitEngineException : The NUnit 3 driver encountered an error while executing reflected code.
  ----> System.InvalidCastException : Specified cast is not valid.]]></message>
      <stack-trace><![CDATA[--NUnitEngineException
The NUnit 3 driver encountered an error while executing reflected code.


Server stack trace: 
  at NUnit.Engine.Drivers.NUnit3FrameworkDriver.CreateObject (System.String typeName, System.Object[] args) [0x00032] in <a7ec16e758ee414a864454fced35f1f2>:0 
  at NUnit.Engine.Drivers.NUnit3FrameworkDriver.Load (System.String testAssemblyPath, System.Collections.Generic.IDictionary`2[TKey,TValue] settings) [0x0009e] in <a7ec16e758ee414a864454fced35f1f2>:0 
  at NUnit.Engine.Runners.DirectTestRunner.LoadDriver (NUnit.Engine.Extensibility.IFrameworkDriver driver, System.String testFile, NUnit.Engine.TestPackage subPackage) [0x00008] in <a7ec16e758ee414a864454fced35f1f2>:0 
  at NUnit.Engine.Runners.DirectTestRunner.LoadPackage () [0x000c3] in <a7ec16e758ee414a864454fced35f1f2>:0 
  at NUnit.Engine.Runners.TestDomainRunner.LoadPackage () [0x00017] in <a7ec16e758ee414a864454fced35f1f2>:0 
  at NUnit.Engine.Runners.DirectTestRunner.EnsurePackageIsLoaded () [0x00008] in <a7ec16e758ee414a864454fced35f1f2>:0 
  at NUnit.Engine.Runners.DirectTestRunner.RunTests (NUnit.Engine.ITestEventListener listener, NUnit.Engine.TestFilter filter) [0x00000] in <a7ec16e758ee414a864454fced35f1f2>:0 
  at NUnit.Engine.Runners.AbstractTestRunner.Run (NUnit.Engine.ITestEventListener listener, NUnit.Engine.TestFilter filter) [0x00000] in <a7ec16e758ee414a864454fced35f1f2>:0 
  at NUnit.Engine.Agents.RemoteTestAgent.Run (NUnit.Engine.ITestEventListener listener, NUnit.Engine.TestFilter filter) [0x00000] in <a7ec16e758ee414a864454fced35f1f2>:0 
  at (wrapper managed-to-native) System.Runtime.Remoting.RemotingServices.InternalExecute(System.Reflection.MethodBase,object,object[],object[]&)
  at System.Runtime.Remoting.RemotingServices.InternalExecuteMessage (System.MarshalByRefObject target, System.Runtime.Remoting.Messaging.IMethodCallMessage reqMsg) [0x000b5] in <533173d24dae460899d2b10975534bb0>:0 

Exception rethrown at [0]: 
  at System.Runtime.Remoting.Proxies.RealProxy.PrivateInvoke (System.Runtime.Remoting.Proxies.RealProxy rp, System.Runtime.Remoting.Messaging.IMessage msg, System.Exception& exc, System.Object[]& out_args) [0x0014d] in <533173d24dae460899d2b10975534bb0>:0 
  at (wrapper managed-to-native) System.Object.__icall_wrapper_mono_remoting_wrapper(intptr,intptr)
  at (wrapper remoting-invoke) NUnit.Engine.Agents.RemoteTestAgent.Run(NUnit.Engine.ITestEventListener,NUnit.Engine.TestFilter)
  at NUnit.Engine.Runners.ProcessRunner.RunTests (NUnit.Engine.ITestEventListener listener, NUnit.Engine.TestFilter filter) [0x00025] in <250df48a1f494076b0178c724e3ddfef>:0 
--
InvalidCastException
Specified cast is not valid.
  at NUnit.Framework.Api.FrameworkController+LoadTestsAction..ctor (NUnit.Framework.Api.FrameworkController controller, System.Object handler) [0x00008] in <cb6b23b5581d4ab798055b57b3fd8d86>:0 
  at (wrapper managed-to-native) System.Reflection.RuntimeConstructorInfo.InternalInvoke(System.Reflection.RuntimeConstructorInfo,object,object[],System.Exception&)
  at System.Reflection.RuntimeConstructorInfo.InternalInvoke (System.Object obj, System.Object[] parameters, System.Boolean wrapExceptions) [0x00005] in <533173d24dae460899d2b10975534bb0>:0 
]]></stack-trace>
    </failure>
  </test-suite>
</test-run>